2026-05-02 22:20:06,424 - pyswarms.single.global_best - INFO - Optimize for 2000 iters with {'c1': 1.5, 'c2': 1.5, 'w': 0.7}
2026-05-02 22:22:39,470 - pyswarms.single.global_best - INFO - Optimization finished | best cost: 1.727566318221481, best pos: [ 1.72981511e-03  6.25031616e-04  4.64560815e-04  3.28720013e-03
  5.26339278e-03 -4.29276233e-04  1.49785471e-04 -4.03905109e-03
  1.15526406e-02  7.69597109e-04  1.34923124e-03 -1.61898586e-03
 -4.33716624e-02  2.45306531e-03  8.44758507e-04  4.83708229e-03
  8.13742113e-03  5.72959816e-03  7.03213134e-03  5.87671698e-03
 -1.93317018e-02  8.26222062e-03  1.33803626e-02  1.36160374e-02
 -5.36991154e-02  4.25081257e-02  4.34003884e-02  3.82294806e-02
 -1.31328838e-01  8.49521313e-02  9.50270173e-02  8.44355578e-02
 -1.39535800e-01  2.26969040e-01  2.60500376e-01  2.28567479e-01
 -8.91789140e-02  4.37093493e-02  4.81361383e-02  4.01785388e-02
  3.33769147e-02 -4.64767098e-02 -5.28738993e-02 -4.31167801e-02
  2.67928116e-01 -2.28285867e-01 -2.55867253e-01 -2.28477720e-01
  8.83959520e-02 -8.81721760e-02 -9.29082097e-02 -8.23883466e-02
  3.78460010e-02 -5.07550417e-02 -4.21655056e-02 -3.78012991e-02
  1.27215591e-02 -3.20452034e-02 -2.40617006e-02 -1.39191667e-02
  4.31290557e-03  7.64513145e-02 -5.65922054e-03 -4.37964120e-03
  4.31983589e-03 -2.95155041e-02  9.73511464e-03 -2.80362228e-03
  8.68159354e-05 -1.08025913e-02 -2.33429715e-03 -3.45685147e-04
  7.96939460e-04 -3.91729678e-03 -5.04622913e-03 -7.77561086e-04
 -9.13292810e-04 -1.42741745e-03 -1.46194012e-03  3.30752683e-03]
2026-05-02 22:54:18,675 - pyswarms.single.global_best - INFO - Optimize for 2000 iters with {'c1': 1.5, 'c2': 1.5, 'w': 0.7}
2026-05-02 22:55:25,439 - pyswarms.single.global_best - INFO - Optimization finished | best cost: 1.7218016496087956, best pos: [ 1.01451594e-02  3.12296172e-03  1.01353946e-02 -2.75911330e-03
 -8.74100971e-03  3.64824183e-05 -2.05061012e-02  1.49146081e-03
 -3.25853836e-03  2.83179212e-03  4.23947394e-03  1.37137797e-02
  4.21500872e-05 -5.66809717e-04  3.06456199e-04 -6.22328327e-03
 -5.98228988e-03  3.47916830e-03  1.84859443e-02 -4.36748472e-05
 -1.70889825e-02  1.18458375e-02  5.15617659e-03  2.05213397e-02
 -3.81704170e-02  3.56829900e-02  4.12217247e-02  3.75442446e-02
 -1.01918717e-01  8.59344261e-02  1.03782737e-01  7.59859793e-02
 -2.47490348e-01  2.27185782e-01  2.51604635e-01  2.28323978e-01
 -5.26403213e-02  4.19543731e-02  5.87880271e-02  4.42770057e-02
  4.83338139e-02 -4.60312964e-02 -4.63512149e-02 -4.32038196e-02
  2.49819306e-01 -2.26206277e-01 -2.78877769e-01 -2.26382351e-01
  9.90710248e-02 -7.89609629e-02 -8.49926943e-02 -8.32130794e-02
  4.36891367e-02 -4.11307082e-02 -3.63571326e-02 -3.96375193e-02
  1.41256904e-02 -1.69386296e-02 -1.59906404e-02 -9.89965186e-03
  8.24511336e-03 -1.28713790e-03 -1.04055331e-02 -1.02696758e-02
 -1.91376632e-03  1.46244609e-03  1.47685572e-03 -9.27519679e-04
  2.17536689e-03 -6.58941381e-04 -3.50237749e-03  1.80204617e-03
  3.14661505e-03 -9.17063060e-04 -1.17660788e-04  1.53223674e-04
  2.86077202e-04  2.22147549e-03  2.98112039e-03  7.51081598e-03]
2026-05-02 22:55:40,400 - pyswarms.single.global_best - INFO - Optimize for 2000 iters with {'c1': 1.5, 'c2': 1.5, 'w': 0.7}
2026-05-02 22:56:31,448 - pyswarms.single.global_best - INFO - Optimization finished | best cost: 1.722922298358833, best pos: [-1.69383481e-03  1.43210284e-04  1.54139887e-03 -1.83795295e-03
 -6.34586061e-04  9.05352268e-04 -6.40601027e-04 -1.76470892e-04
  1.43224960e-03 -6.26058909e-03 -1.77782757e-03  5.64332350e-03
 -9.71383341e-04  9.28634342e-03  3.22712943e-03 -3.76962256e-04
 -3.70925441e-03  2.84058038e-03  4.86589909e-03  1.25343932e-03
 -1.67258111e-02  9.80634214e-03  1.71182136e-02  1.81489294e-02
 -4.83901842e-02  4.91435586e-02  4.22471929e-02  3.76085842e-02
 -8.98434960e-02  8.01697186e-02  9.48672068e-02  8.40369203e-02
 -2.53692712e-01  2.24519208e-01  2.52707555e-01  2.19990328e-01
 -4.54256286e-02  4.33776659e-02  5.81714823e-02  3.71513979e-02
  3.61075185e-02 -5.13065776e-02 -5.54797297e-02 -2.40674480e-02
  2.61595027e-01 -2.35031492e-01 -2.56239214e-01 -2.32249715e-01
  9.66553460e-02 -5.28981462e-02 -9.40520510e-02 -8.73623052e-02
  5.04371937e-02 -4.85200245e-02 -4.24966078e-02 -3.36492461e-02
  3.87454023e-02 -1.68080878e-02 -1.41094599e-02 -1.56960321e-02
 -5.94680613e-02 -7.25474404e-03 -5.47081785e-03 -6.40198206e-03
  2.35419933e-02  2.32539290e-04 -3.76021915e-03 -1.23741441e-03
  7.16063178e-03 -1.62801673e-03  2.19373839e-03 -4.54794095e-04
  2.30209275e-03 -5.57894845e-04 -4.08842707e-03 -1.18201043e-03
  1.07069814e-03  1.34370106e-04  1.13147875e-04  3.88675314e-03]
2026-05-02 23:23:15,309 - pyswarms.single.global_best - INFO - Optimize for 2000 iters with {'c1': 1.5, 'c2': 1.5, 'w': 0.7}
2026-05-02 23:24:06,829 - pyswarms.single.global_best - INFO - Optimization finished | best cost: 1.722760477604433, best pos: [-6.26239942e-03 -2.49081480e-03  1.20661047e-03  1.50152794e-03
  2.13017306e-03 -8.80586787e-03 -9.57144456e-05 -3.66258175e-05
  3.74461456e-03 -1.56044644e-02  4.55323701e-04 -1.74415855e-03
 -5.40067208e-03  5.59738257e-02  3.98773212e-03  8.47627916e-03
 -4.62592973e-03 -1.12128251e-02  7.11339309e-03 -6.64571321e-04
 -1.72563509e-02  7.41274709e-03  7.61215212e-03  1.23522664e-02
 -3.29867820e-02  3.28549011e-02  4.61868051e-02  4.14746304e-02
 -9.87548228e-02  8.28447487e-02  9.68434710e-02  8.19366677e-02
 -2.53322463e-01  2.22413943e-01  2.52220858e-01  2.22117820e-01
 -5.82751991e-02  5.64636384e-02  4.77476353e-02  3.59735621e-02
  5.49781771e-02 -4.76671074e-02 -4.89118581e-02 -1.94607525e-02
  2.56917102e-01 -2.27159658e-01 -2.54435823e-01 -2.40003509e-01
  9.22884347e-02 -8.49377153e-02 -9.39705980e-02 -8.25933905e-02
  4.37417351e-02 -3.78208939e-02 -4.25600221e-02 -3.88045955e-02
  7.29478271e-03 -1.55486561e-02 -1.53355127e-02 -1.27194194e-02
 -3.84854075e-03 -3.94349991e-03 -5.74669171e-03 -2.73504988e-03
  4.00627294e-02 -1.69604507e-03 -7.84522905e-04 -3.43440516e-03
 -1.60673511e-02 -2.50863894e-04 -2.23980569e-03 -5.63170666e-04
 -3.46064827e-03 -1.93942875e-04 -7.11784666e-05 -1.27383436e-03
 -1.80301409e-04 -8.96301918e-05  3.36825089e-03 -1.37564824e-03]
2026-05-02 23:50:32,494 - pyswarms.single.global_best - INFO - Optimize for 2000 iters with {'c1': 1.5, 'c2': 1.5, 'w': 0.7}
2026-05-02 23:50:35,714 - pyswarms.single.global_best - INFO - Optimize for 2000 iters with {'c1': 1.5, 'c2': 1.5, 'w': 0.7}
2026-05-02 23:51:26,581 - pyswarms.single.global_best - INFO - Optimization finished | best cost: 1.7597764375144245, best pos: [ 9.41740828e-04 -1.46081226e-01 -5.46334494e-03 -2.22025535e-03
 -3.01235313e-03  3.51821048e-01  1.79306687e-02  6.52917450e-03
  1.94664339e-03 -1.07931817e-01 -1.02546844e-02 -3.79250490e-03
 -6.28600611e-03 -9.53629307e-02 -3.87067715e-04 -4.20214898e-04
 -1.70063940e-03  3.51456165e-03  8.40477749e-03  1.34700540e-02
 -1.46102393e-02  8.49049403e-03  1.54823269e-02  9.84842296e-03
 -3.76985969e-02  5.01038938e-02  3.43928102e-02  3.39545590e-02
 -7.67971743e-02  7.51509795e-02  9.90282774e-02  8.84783453e-02
 -2.92150852e-01  2.28847014e-01  2.55840944e-01  2.24225955e-01
 -4.20050944e-02  4.29660180e-02  4.44147611e-02  4.32185285e-02
  5.33847308e-02 -4.76069191e-02 -3.80223459e-02 -4.60777983e-02
  2.57055361e-01 -2.15252854e-01 -2.61724629e-01 -2.25292728e-01
  9.32366340e-02 -8.51915501e-02 -8.83896335e-02 -8.21181396e-02
  4.29719329e-02 -3.53906163e-02 -4.60248438e-02 -3.27366857e-02
  1.97939547e-02 -2.26231404e-02 -1.18625430e-02 -1.29709929e-02
  2.65898159e-03 -3.65004903e-03 -4.13865451e-03  1.06554148e-02
  3.37170561e-04 -2.90555818e-03  5.23351547e-05 -4.64319031e-02
  3.41079712e-04  1.79986293e-03 -1.53139428e-02  1.25761832e-02
  3.49566797e-04 -1.95952344e-03  3.10078712e-03  4.54207856e-03
  6.00855729e-03  5.26059524e-04  5.02056095e-04  6.56652659e-04]
2026-05-03 12:36:38,784 - pyswarms.single.global_best - INFO - Optimize for 2000 iters with {'c1': 1.5, 'c2': 1.5, 'w': 0.7}
2026-05-03 12:37:29,224 - pyswarms.single.global_best - INFO - Optimization finished | best cost: 1.7215362289873597, best pos: [-8.72857430e-04  1.27901243e-03  2.67083394e-03 -3.82640023e-04
 -3.38328043e-04  1.22973004e-03 -1.30891561e-03  3.64583220e-04
  1.49808062e-03  4.16764763e-03  1.09936378e-03  1.51602363e-03
 -4.01940192e-03  1.43284215e-02 -5.91870305e-04  5.73327843e-04
 -3.82099952e-03 -3.07339764e-02  6.38875591e-03  5.10627670e-03
 -1.53176328e-02  2.49043301e-02  1.72765883e-02  1.35536163e-02
 -4.31876668e-02  4.24760326e-02  3.78513417e-02  3.85830703e-02
 -9.34586806e-02  8.40274009e-02  9.63192923e-02  8.30602774e-02
 -2.57433870e-01  2.27138116e-01  2.56129130e-01  2.25507937e-01
 -5.04332297e-02  4.25002614e-02  5.12602905e-02  4.49288764e-02
  5.15696239e-02 -4.27889616e-02 -4.93524540e-02 -4.28687407e-02
  2.55015753e-01 -2.23648774e-01 -2.59866432e-01 -2.25711487e-01
  9.64307933e-02 -8.55312174e-02 -9.24658123e-02 -8.31160972e-02
  4.03361552e-02 -3.82476519e-02 -4.14952164e-02 -4.02518620e-02
  1.48137760e-02 -1.29633212e-02 -1.39662210e-02 -1.39766646e-02
  5.74229492e-03 -5.87903622e-03 -6.50559137e-03 -4.82921377e-03
  2.51652681e-03 -1.87506409e-03 -2.60918285e-03 -1.00697741e-03
  1.94856102e-04  6.69941858e-05 -9.50121168e-05 -4.91270085e-05
  4.11804083e-04 -5.18728240e-05 -2.86461999e-04 -1.39581915e-03
 -8.08570096e-05 -4.57818476e-04 -4.65968359e-03 -6.50283655e-04]
2026-05-03 12:45:58,935 - pyswarms.single.global_best - INFO - Optimize for 2000 iters with {'c1': 1.5, 'c2': 1.5, 'w': 0.7}
2026-05-03 12:46:50,625 - pyswarms.single.global_best - INFO - Optimization finished | best cost: 1.7219484979975637, best pos: [-2.68275725e-03  3.09294840e-03 -5.37586934e-04  1.52309136e-03
  4.20835278e-03 -7.24406660e-03  4.79083582e-03  2.28141972e-03
 -1.85911201e-03  4.45419928e-03 -9.80540174e-03 -5.18578824e-03
 -5.38153040e-03  1.21161583e-03  7.09135815e-03  2.75810393e-03
 -1.60209887e-03  6.42267748e-03  4.72681180e-03  3.99326579e-03
 -1.70972457e-02  1.49954562e-02  1.71146128e-02  1.83918671e-02
 -4.08903178e-02  3.90091183e-02  4.53847703e-02  4.19083686e-02
 -9.67808634e-02  8.68335353e-02  9.28939126e-02  1.01132240e-01
 -2.57466858e-01  2.19320399e-01  2.57164899e-01  1.84292487e-01
 -4.96956544e-02  4.37189231e-02  4.78621603e-02  5.69534901e-02
  4.15367148e-02 -4.39336404e-02 -5.16367524e-02 -4.29524740e-02
  2.79931819e-01 -2.27818163e-01 -2.56345697e-01 -2.23883313e-01
  8.19774194e-02 -8.17475352e-02 -9.27044077e-02 -8.31775137e-02
  4.14977210e-02 -3.61401365e-02 -4.23458288e-02 -3.57805977e-02
  1.70146311e-02 -1.38705260e-02 -1.57086148e-02 -1.51225817e-02
  3.61428985e-03 -6.55291711e-03 -5.32266445e-03 -4.60458419e-03
  3.19120620e-03 -4.71298138e-04 -8.59236445e-04 -7.54389402e-04
 -6.15352695e-05 -1.06673075e-03 -1.62764539e-03 -4.79281314e-04
  4.15037094e-04 -8.02938093e-04  1.29774261e-03 -2.84111740e-03
  9.30949296e-04  1.53069516e-03 -1.71037274e-03  1.08140084e-03]
2026-05-03 13:14:00,857 - pyswarms.single.global_best - INFO - Optimize for 2000 iters with {'c1': 1.5, 'c2': 1.5, 'w': 0.7}
2026-05-03 13:14:01,870 - pyswarms.single.global_best - INFO - Optimize for 2000 iters with {'c1': 1.5, 'c2': 1.5, 'w': 0.7}
2026-05-03 13:14:52,903 - pyswarms.single.global_best - INFO - Optimization finished | best cost: 2.5869148523633543, best pos: [ 0.03617175  0.01668729  0.03223231  0.06414839  0.03645619  0.01637872
  0.02876921  0.07082444  0.03280898  0.01958165  0.02219638  0.06248857
  0.01664833  0.01943547  0.00850783  0.05837242  0.00556284  0.01297873
 -0.00466316  0.05853332 -0.0108652   0.01069024  0.00458669  0.05678811
 -0.0226458   0.01459138  0.00714066  0.04677431 -0.04466871  0.01559672
  0.00407881  0.02847304 -0.04842503  0.01616362 -0.00408908 -0.00033188
 -0.04324293  0.0084112  -0.00867984 -0.02957407 -0.03656015  0.00222589
 -0.02008416 -0.03993927 -0.03117034 -0.00353511 -0.01407264 -0.04819637
 -0.02814519 -0.00725083 -0.01220491 -0.05915999 -0.03185994 -0.01290001
 -0.00609499 -0.06489683 -0.02001343 -0.0147149   0.00037839 -0.06936423
 -0.01171723 -0.01672632  0.00517483 -0.07418865 -0.00584171 -0.0155615
  0.0092724  -0.07750126 -0.0023958  -0.01130651  0.01217225 -0.07534383
  0.00171473 -0.01536263  0.01629229 -0.07394184  0.00395109 -0.0165578
  0.01507065 -0.07343334]
2026-05-03 13:19:57,733 - pyswarms.single.global_best - INFO - Optimize for 2000 iters with {'c1': 1.5, 'c2': 1.5, 'w': 0.7}
2026-05-03 13:20:45,154 - pyswarms.single.global_best - INFO - Optimization finished | best cost: 14.631340088720279, best pos: [-0.19736946  0.69996434  0.27417855 -0.85860811 -0.20582252  0.54357982
 -0.37359634 -0.33788213 -0.27392095  0.39816852 -0.04094221 -0.34585923
  0.05292076 -0.08818687  0.23195472 -0.15775998  0.23219668 -0.21872822
 -0.29249439  0.25902136 -0.44037962 -0.25327402  0.10253182 -0.03885603
  0.2068001   0.28067539  0.08094942  0.26065229  0.31092896 -0.48612542
 -0.3733081   0.34718061  0.45878275 -0.13718233  0.10132285  0.29710954
  0.42912411  0.20795468 -0.05782936 -0.11110286 -0.07327351 -0.19155471
  0.19447391  0.59053788  0.0208505  -0.40082762 -0.18438549  0.22412225
 -0.25834994  0.02216354  0.196588   -0.3242152   0.05993395 -0.17233138
 -0.11989383  0.18994644  0.00259335  0.42312187  0.15079674 -0.13052696
 -0.16391179  0.05899528  0.11464656  0.26976581 -0.25750566 -0.10850232
 -0.209182    0.28756299  0.10363597 -0.02241378 -0.07171447 -0.37495673
 -0.01859947 -0.07816488  0.25312743 -0.36331657 -0.21311575  0.13594976
 -0.29659108  0.24235524]
2026-05-03 14:51:59,756 - pyswarms.single.global_best - INFO - Optimize for 2000 iters with {'c1': 1.5, 'c2': 1.5, 'w': 0.7}
2026-05-03 14:52:42,075 - pyswarms.single.global_best - INFO - Optimization finished | best cost: 6.32296278543336, best pos: [-0.08570845 -0.45644115  0.16074952  0.37753382 -0.02570731  0.01782416
 -0.23159249  0.0500353  -0.16187425 -0.36418913  0.16401972  0.47789345
 -0.11392528 -0.39875494 -0.03684734  0.60909178 -0.10909471 -0.02503464
  0.23319482 -0.30568252  0.20524707  0.27092816  0.06109719  0.13249582
  0.01460356 -0.36913461 -0.12895297 -0.21372744  0.49168599  0.46346015
 -0.41690818 -0.2361302   0.22865017 -0.02859904 -0.08016388 -0.22237925
 -0.03116358  0.3744928   0.16066127 -0.2503957  -0.09105013  0.28090554
 -0.04664758 -0.195944    0.00527774 -0.14211957 -0.12787056 -0.12184592
 -0.49432729  0.1600172   0.31065463 -0.20671555  0.04328948  0.2751054
  0.07987947  0.50282498  0.03494548 -0.09707371 -0.16608329 -0.2475911
  0.26197061  0.0527868   0.31392453 -0.22728815 -0.30527722  0.10132753
  0.08213624 -0.06920299  0.10523128 -0.2085581  -0.34532373  0.23296502
  0.00489362 -0.07801168 -0.19441278  0.01998309 -0.04645528 -0.19180385
  0.13695295 -0.03036101]
2026-05-03 14:55:01,657 - pyswarms.single.global_best - INFO - Optimize for 2000 iters with {'c1': 1.5, 'c2': 1.5, 'w': 0.7}
2026-05-03 14:55:44,120 - pyswarms.single.global_best - INFO - Optimization finished | best cost: 6.531219553919235, best pos: [ 0.17213531 -0.58898555 -0.00613551  0.47650462 -0.25678819  0.13935068
  0.15138388  0.24574143 -0.21074003 -0.49060036 -0.20137034  0.09879318
 -0.350963   -0.25149258  0.26102451  0.39712031  0.20265656 -0.21318522
  0.0297537   0.27741267  0.01732769  0.12130357  0.11168389 -0.54943038
  0.75856003  0.38687068  0.16517652 -0.06927887 -0.33510826  0.05420948
 -0.90991651  0.28604114  0.27667865  0.29182645  0.19950598 -0.38062606
  0.08009559  0.20094251 -0.19362575 -0.3078899  -0.05823266  0.17735948
 -0.0445088   0.0069787  -0.28007752 -0.09771378  0.04083826 -0.3953957
  0.27916583  0.15593182  0.22441342  0.09759913 -0.41670521  0.18288354
 -0.07748829 -0.21964991  0.29150962 -0.03346291 -0.02441824  0.02539157
  0.04622045 -0.24234337  0.26214787  0.059152   -0.27876445  0.28911662
  0.09280524  0.02652447 -0.11619933 -0.10410779 -0.1087544  -0.29043365
  0.05846508 -0.10973661  0.13292867  0.36491162  0.11385125 -0.13795388
  0.19036485 -0.13441738]
2026-05-03 15:16:23,562 - pyswarms.single.global_best - INFO - Optimize for 2000 iters with {'c1': 1.5, 'c2': 1.5, 'w': 0.7}
2026-05-03 15:17:05,828 - pyswarms.single.global_best - INFO - Optimization finished | best cost: 1.5360043898068487, best pos: [-0.33440534  0.51992436  0.0992496  -0.56282922  0.09035681  0.34613362
 -0.15516633 -0.36827237 -0.08185361  0.27601776 -0.00520211 -0.26632435
  0.04096165  0.21327948  0.09236294 -0.14902178  0.00572965  0.16381372
  0.11257768 -0.11743134  0.14023888 -0.02823968 -0.03488817 -0.04091117
  0.2289565  -0.01575424 -0.38339677 -0.01840784  0.00637864 -0.05208625
 -0.05482698  0.0713056  -0.01910859 -0.26510996  0.00161569  0.31382487
 -0.01228884 -0.30183588  0.40774573  0.30370488 -0.00956559 -0.24441276
 -0.10861165  0.21126521 -0.01493967 -0.17966299  0.03986913  0.18377489
 -0.05493273 -0.10948355  0.0119832   0.14271088 -0.00691483 -0.07373302
 -0.03213649  0.09892254  0.00271117 -0.07561588  0.01374765  0.05763245
  0.01913056 -0.05471613  0.00113075  0.03063534 -0.00201841 -0.0268204
 -0.00651887  0.02374598  0.01641627 -0.0201498  -0.00874908 -0.06159171
  0.00459849  0.05514886  0.01931871  0.18017456  0.02196371 -0.0156067
  0.00710672  0.04224606]
2026-05-03 15:25:28,177 - pyswarms.single.global_best - INFO - Optimize for 2000 iters with {'c1': 1.5, 'c2': 1.5, 'w': 0.7}
2026-05-03 15:26:10,772 - pyswarms.single.global_best - INFO - Optimization finished | best cost: 252.51684349028395, best pos: [-0.0666007   0.66790959  0.89731987 -0.88946005 -0.03230421  0.92176339
  0.33764645 -0.99548676  0.07832179  0.34035085 -0.0707573  -0.99937965
  0.07904592  0.79167955  0.01315429 -0.22012088 -0.02600875  0.89068471
 -0.65444602  0.06745171  0.03977136 -0.07488802  0.03539287 -0.30385879
  0.6964897  -0.02894364  0.34766167  0.90822325 -0.51978187  0.38160139
  0.79185539 -0.0467322   0.43425271 -0.09850015  0.36288146 -0.6909981
  0.36739119  0.81611077  0.43063772 -0.24043276 -0.07907359 -0.84892294
  0.04675662  0.41997668  0.41195733 -0.78314304 -0.77263134  0.16535862
 -0.24322031 -0.07757846  0.82267414 -0.25152057  0.67965236  0.32919543
 -0.41315706 -0.07346849  0.07567641 -0.20713855 -0.19534406  0.04744096
  0.91639698  0.2063302  -0.00247204  0.12114371  0.21285052 -0.14168833
  0.54016047  0.94927737  0.3104311   0.82849568 -0.05816564 -0.06497362
  0.04315292 -0.25943603  0.97990708 -0.3241054  -0.31847837 -0.00626804
 -0.15187589 -0.22596809]
2026-05-03 15:27:05,546 - pyswarms.single.global_best - INFO - Optimize for 2000 iters with {'c1': 1.5, 'c2': 1.5, 'w': 0.7}
2026-05-03 15:27:49,812 - pyswarms.single.global_best - INFO - Optimization finished | best cost: 303.5742106351587, best pos: [ 0.14183425 -0.73266644  0.87489921  0.81976392 -0.45999786 -0.65660512
 -0.16655676  0.197307   -0.04758398 -0.91782146  0.56007698 -0.05458798
  0.16141341 -0.73485487  0.0147913   0.7024617  -0.66075252 -0.8225779
  0.11546815  0.02201434 -0.48892053 -0.95701137  0.26268856 -0.15528978
  0.04819997 -0.4688848  -0.4505517   0.0602719  -0.0542249  -0.20191601
  0.06826045  0.00609098  0.12526603 -0.23352151  0.74811281 -0.05731595
  0.10475544  0.84961597 -0.27514229  0.18268714 -0.04189426 -0.51665835
 -0.46478088  0.3954973  -0.13118415 -0.53312606 -0.1784331   0.45400874
 -0.35885438  0.05284062 -0.55912423  0.6244645  -0.56911507 -0.57226481
  0.4045333   0.20071163 -0.17058725  0.34507415  0.03997173 -0.08107577
 -0.02745829 -0.34203219  0.35023238  0.46844164  0.57456029  0.1687234
 -0.42222185 -0.15834011 -0.01124683 -0.40315704  0.12757006 -0.63557609
  0.12951528 -0.28226528  0.1223602   0.13160587  0.16307539  0.27372865
  0.41446697  0.82966406]
2026-05-03 15:56:49,915 - pyswarms.single.global_best - INFO - Optimize for 2000 iters with {'c1': 1.5, 'c2': 1.5, 'w': 0.7}
2026-05-03 15:57:33,554 - pyswarms.single.global_best - INFO - Optimization finished | best cost: 151.97786369402579, best pos: [-3.83659767e-01 -9.49964016e-01  4.24627916e-01  8.32777871e-01
 -5.16763893e-01 -9.06194848e-01  3.57817340e-02  8.01011065e-01
  3.93073607e-05 -6.70093378e-01 -2.26118792e-02  4.64973061e-01
  2.36877581e-01 -3.48067455e-01  6.88488221e-02  3.66568243e-01
  3.26176436e-01 -3.43311927e-01  6.70390911e-01  7.44197123e-01
 -1.02612169e-01 -4.15136844e-03  8.40988502e-02 -5.83480402e-02
 -5.37997338e-02 -1.54348293e-01  2.08833252e-01  3.89008226e-01
  3.66486208e-02  5.85916619e-01 -3.50283647e-01  1.40955275e-01
  2.00976668e-01  1.67456699e-01  3.23841842e-01  2.91182944e-01
 -5.25794361e-02 -1.30709462e-01  4.85820996e-02 -3.10212607e-01
  2.46106515e-01  3.33798565e-02 -3.42843666e-01  7.66862079e-01
 -1.71726123e-01  1.08284632e-01 -7.01521724e-01 -4.18064135e-01
  6.99190524e-01  9.82814215e-01  1.32107517e-01 -4.94322649e-01
  2.99364729e-01 -6.69084977e-01 -5.27912090e-01  4.31153690e-01
  3.69440091e-01 -2.87423067e-01 -7.56016064e-02 -3.65283936e-01
  9.89304229e-02 -1.10120903e-01  3.38797466e-01 -4.62778853e-02
 -3.45661384e-01 -2.51406331e-01 -3.01426912e-01 -1.23787170e-01
  7.30470129e-02 -1.40977519e-01  3.04943085e-01  4.49437202e-02
  5.46214932e-02 -1.14413532e-02 -1.34382633e-01 -7.53641169e-02
 -1.16916898e-02 -1.64601605e-01  1.54828945e-01 -3.95681358e-01]
2026-05-03 16:07:12,113 - pyswarms.single.global_best - INFO - Optimize for 2000 iters with {'c1': 1.5, 'c2': 1.5, 'w': 0.7}
2026-05-03 16:07:55,383 - pyswarms.single.global_best - INFO - Optimization finished | best cost: 157.1171879147416, best pos: [-0.9455703   0.94846059  0.40023951 -0.76584774  0.05277276  0.57477961
  0.66681293 -0.96784826  0.09374941 -0.03061697  0.84730738 -0.78131336
  0.02895823  0.08939332  0.20888212 -0.64206189 -0.20633796 -0.22770052
 -0.39197652 -0.03820432  0.04784563 -0.15994876 -0.64254137  0.42405662
 -0.1529896   0.2958992  -0.01192477 -0.09794509 -0.04019713  0.13877722
 -0.30276765 -0.06142727 -0.18685119 -0.08195991  0.33970475 -0.4361849
  0.48365155  0.03176508 -0.50283143  0.21781699  0.21543364  0.07711662
 -0.43331414 -0.02724216  0.24268412 -0.05327381  0.53725633  0.127213
  0.18272006 -0.16888217  0.25445071 -0.20459163 -0.50009707 -0.22624528
  0.29177217  0.17522002  0.75202185 -0.28166196 -0.68995427 -0.65600082
  0.45413411  0.70914001 -0.27307052 -0.02278247  0.20717003  0.17321211
  0.08095533 -0.18280574 -0.80426157  0.06529484 -0.21867093 -0.13206929
  0.00176381 -0.01543403  0.03439451 -0.32617418 -0.23328754 -0.6030559
 -0.23003382 -0.02132791]
2026-05-03 16:13:51,025 - pyswarms.single.global_best - INFO - Optimize for 2000 iters with {'c1': 1.5, 'c2': 1.5, 'w': 0.7}
2026-05-03 16:14:35,218 - pyswarms.single.global_best - INFO - Optimization finished | best cost: 139.99828865534116, best pos: [-0.56159298 -0.85538731  0.86274789  0.80437034 -0.41965678 -0.61236841
  0.99614942  0.94599349  0.28612256 -0.9182954  -0.05452082  0.45337663
  0.14688209 -0.42198947 -0.32507071  0.42603326 -0.4683453  -0.36880092
  0.27900636 -0.53586481 -0.45701831 -0.03581314  0.29381306  0.48997237
  0.00530922 -0.01610946 -0.68295031 -0.0927621   0.17672793  0.13914873
  0.69812164 -0.41786624  0.0043425  -0.17540095  0.03535311  0.80389079
 -0.0856971   0.26566329 -0.95632674 -0.18256226  0.17238068  0.50735093
 -0.27286269  0.64141268  0.03192732 -0.3975402  -0.74011476 -0.69429512
  0.08957248 -0.21206325  0.03203134 -0.9240887  -0.05847572  0.27197703
 -0.71511356 -0.39600057 -0.42762505  0.23239331  0.57028601  0.25232048
 -0.96021348 -0.26543083  0.40475436 -0.84831375  0.91750551  0.13244571
  0.11798496  0.45476182  0.44308921 -0.6382975  -0.29006407  0.17227455
 -0.27866248  0.5268267   0.18731154 -0.68564535 -0.40942772  0.09134545
  0.01419957 -0.51368701]
2026-05-03 16:20:52,835 - pyswarms.single.global_best - INFO - Optimize for 2000 iters with {'c1': 1.5, 'c2': 1.5, 'w': 0.7}
2026-05-03 16:21:35,915 - pyswarms.single.global_best - INFO - Optimization finished | best cost: 146.90809869416466, best pos: [-0.49737777  0.81120681  0.37873252 -0.96435398 -0.62625047  0.70233181
  0.42842995 -0.46930522  0.15986057  0.94828306  0.09990237 -0.91178016
  0.01589335  0.41883284 -0.00872119 -0.95741677  0.11855798 -0.23721289
  0.31957623 -0.04459005 -0.58876051  0.27494308  0.22875429 -0.17570173
 -0.47694418  0.12637951  0.27097942  0.43511521  0.35523594 -0.16216388
 -0.01494947  0.0327478  -0.10018146 -0.19513023 -0.14240725  0.09521283
  0.68831293  0.06621201  0.11303408  0.05985198 -0.31137962 -0.69522268
 -0.40530237  0.32521665 -0.29748016  0.51837206  0.13566422  0.32561289
  0.11457303 -0.09384672  0.02480882 -0.17422353  0.06817692  0.25432575
 -0.44084244 -0.31041489  0.02609479  0.12197922 -0.23250384  0.2402345
 -0.25272276 -0.01952377 -0.05216985 -0.28455423 -0.03460816  0.5160718
 -0.72442468  0.43713195  0.00551495 -0.02540253  0.340492    0.00818632
 -0.09041498  0.58757217  0.16357324  0.7525226  -0.29364818 -0.17044195
 -0.2190423   0.32547875]
2026-05-03 16:29:27,501 - pyswarms.single.global_best - INFO - Optimize for 2000 iters with {'c1': 1.5, 'c2': 1.5, 'w': 0.7}
2026-05-03 16:30:14,692 - pyswarms.single.global_best - INFO - Optimization finished | best cost: 148.88958721410185, best pos: [-0.27073884  0.8522234   0.69468527 -0.65403621 -0.30053525  0.9624724
  0.68072456 -0.90304299 -0.20893084  0.72996193  0.58624552 -0.47944965
  0.11174507  0.09060149  0.4272737   0.29450767  0.29732824  0.19753471
 -0.14820895 -0.238929   -0.77485696 -0.04152995 -0.06943957  0.22816567
  0.11521332  0.27330174 -0.06865544  0.05074906 -0.18428297  0.10508647
 -0.53062561 -0.01064358 -0.01920839  0.14628626  0.13134553  0.1088359
 -0.20720869  0.65251974 -0.06778761 -0.30835596  0.41605207  0.0544782
  0.13679028  0.38263029 -0.09670055  0.01998133 -0.12976839  0.16638185
  0.13156391 -0.21345979 -0.38793243 -0.13988286 -0.32583745 -0.02916503
  0.32951131 -0.03334424  0.02472011  0.13278208 -0.02176382  0.38193978
  0.11520233 -0.26292672 -0.23484306 -0.02649825 -0.08973956  0.32575159
  0.18255225  0.06898896  0.81827284 -0.01437237 -0.29547704  0.43346846
  0.21502159  0.09354395  0.33316367 -0.00733283  0.04937618  0.58723815
 -0.02246341 -0.61910982]
2026-05-03 16:31:50,083 - pyswarms.single.global_best - INFO - Optimize for 2000 iters with {'c1': 1.5, 'c2': 1.5, 'w': 0.7}
2026-05-03 16:32:36,824 - pyswarms.single.global_best - INFO - Optimization finished | best cost: 427.51821771873534, best pos: [-0.61446497  0.9822914   0.7959746  -0.63880276  0.10545569  0.88000863
  0.86797128 -0.97036101  0.24777955  0.08444896  0.34016002  0.10707481
 -0.25138134  0.07895797  0.74005576 -0.73098075 -0.62272088  0.87838721
 -0.2035018  -0.18403534  0.78914352  0.79795565 -0.06377043 -0.04625813
 -0.08671911  0.45683887  0.44558663  0.18207704 -0.23327914 -0.30122398
  0.0643216  -0.25461649 -0.01842821 -0.25153946  0.26046433  0.67790602
  0.76925551  0.32709686  0.47662205  0.13348773  0.00242637 -0.52238409
  0.63374405 -0.58596336 -0.99027063  0.13914285 -0.19615049 -0.71913635
  0.27565747 -0.56942973 -0.93755281  0.78366877 -0.21364545  0.08084353
  0.25870583  0.05966302  0.04443964  0.15661304  0.21378063 -0.34250121
  0.02070811 -0.07792763 -0.22654456 -0.11481661 -0.30063521  0.27160755
 -0.00602254 -0.36524668  0.28212121  0.43630591  0.67004943  0.82575698
 -0.67976525 -0.42163858 -0.12869289 -0.1708811  -0.14143488  0.46131678
 -0.30440326  0.24835891]
2026-05-03 16:36:54,823 - pyswarms.single.global_best - INFO - Optimize for 2000 iters with {'c1': 1.5, 'c2': 1.5, 'w': 0.7}
2026-05-03 16:37:42,686 - pyswarms.single.global_best - INFO - Optimization finished | best cost: 169.2418934302587, best pos: [-4.71459025e-01  7.81931189e-01  9.71711253e-01 -8.09571306e-01
 -2.01041456e-01  3.77795803e-01  1.90506629e-01 -9.39095520e-01
 -2.27555635e-01  6.16983758e-01  2.57886832e-02 -9.84322546e-01
 -2.77073318e-01  2.59120123e-01  8.51432753e-02  2.72599712e-01
 -2.41809284e-01 -8.11009439e-01  8.61629439e-02 -4.22444734e-01
  9.01895640e-03  4.07223918e-01  3.59790829e-01 -2.07086697e-01
 -4.70600031e-01  4.07312663e-01 -6.06765078e-02  4.57802736e-02
  1.88864251e-01  3.24172683e-02  5.68061316e-01  1.04603109e-01
  5.02777336e-01  3.59137285e-01 -9.72053564e-02 -2.28226737e-02
  9.51980527e-02 -2.42047998e-01 -4.02312196e-01 -1.98168965e-01
  1.01555883e-01  1.36490687e-01 -3.21969510e-02 -2.56583501e-01
 -4.30731294e-01 -5.58535148e-02  1.43424629e-01 -5.21591916e-01
 -9.81435844e-03 -4.61699680e-02 -1.02610559e-01 -4.81520871e-02
  1.51398410e-01 -5.08594925e-01 -9.21415155e-03  1.76232236e-01
  9.30516506e-02 -2.23385677e-01 -5.51767904e-02  2.35229963e-01
  8.78423539e-02  6.45706245e-02 -1.34808922e-01 -8.77405882e-03
  2.28786639e-02  1.98320871e-02  2.45661373e-01  6.53708627e-04
  3.14432939e-01  2.49620699e-01 -7.46504563e-01 -5.82362771e-02
 -2.95454701e-01 -2.87151421e-02  5.99445755e-01  2.45902136e-01
  3.56274841e-02 -9.25155595e-01  3.44466259e-01 -8.60646934e-01]
2026-05-03 16:41:49,509 - pyswarms.single.global_best - INFO - Optimize for 2000 iters with {'c1': 1.5, 'c2': 1.5, 'w': 0.7}
2026-05-03 16:42:35,624 - pyswarms.single.global_best - INFO - Optimization finished | best cost: 206.7657666990551, best pos: [-0.94216768  0.66072435  0.53445053 -0.80654741 -0.1281946   0.95499939
  0.28075473 -0.84072064  0.04673719  0.6389438   0.4137381  -0.98747895
  0.44998017 -0.65958894  0.26086147 -0.14847688  0.35182615  0.13577933
  0.49472855  0.2009052   0.21629498  0.13204611  0.15803836  0.0277483
  0.18925021 -0.77250437  0.01587019  0.71594786 -0.43001905 -0.38928516
 -0.66061226  0.57564656 -0.29047763 -0.07613589 -0.23574328 -0.63721331
  0.97282942 -0.24698287 -0.12107107  0.37722194  0.27870824 -0.08638702
 -0.11578526  0.24485117 -0.22933343 -0.00964697 -0.31579368  0.12404066
  0.26202709 -0.11039035  0.05008087  0.46369061 -0.31771347 -0.07632843
 -0.60722885  0.05815282  0.33230786 -0.33173457 -0.56631293  0.19116652
 -0.09974629  0.32163679  0.08110389  0.46033858  0.29385536  0.01574824
 -0.92545033  0.13772391 -0.07640598 -0.20015756 -0.48310484  0.16656932
  0.18498499  0.65902144 -0.05931987  0.6589283   0.35743019  0.04612342
 -0.23026554  0.33498568]
2026-05-03 16:43:22,873 - pyswarms.single.global_best - INFO - Optimize for 2000 iters with {'c1': 1.5, 'c2': 1.5, 'w': 0.7}
2026-05-03 16:44:08,905 - pyswarms.single.global_best - INFO - Optimization finished | best cost: 297.0545235217256, best pos: [-0.05153254 -0.93159055  0.40730646  0.90723992 -0.38422594 -0.71730637
  0.52423808  0.88579367  0.05012703 -0.09882463 -0.12175464  0.34180729
  0.25544352 -0.04860051  0.89016832 -0.10234048  0.28061914  0.13755255
 -0.07408895  0.37636576 -0.05585405 -0.11369564 -0.00355345  0.08021628
 -0.32411009 -0.43706609  0.46791955 -0.55021782 -0.26004796  0.79043151
  0.05283351 -0.3994836   0.0909318   0.4642955  -0.94781143  0.15325273
  0.05494948 -0.23147391 -0.29681524 -0.44992691  0.44622599 -0.02184153
 -0.24528836 -0.28129855 -0.425854    0.70357601 -0.39756873 -0.19372472
 -0.0680048   0.18743721  0.07020637 -0.13764203 -0.25639282  0.11910045
 -0.04661298  0.1258254  -0.08115508 -0.381415   -0.24128868 -0.30580171
 -0.21370298 -0.31257286  0.07137047  0.15940353  0.1736233  -0.11910703
 -0.08346143 -0.12094202  0.01609672 -0.37426136 -0.306301    0.27437934
  0.21724798 -0.12294915  0.87626991 -0.34686644 -0.069929   -0.39745755
  0.72081535  0.19090529]
2026-05-03 16:49:39,203 - pyswarms.single.global_best - INFO - Optimize for 2000 iters with {'c1': 1.5, 'c2': 1.5, 'w': 0.7}
2026-05-03 16:50:35,318 - pyswarms.single.global_best - INFO - Optimization finished | best cost: 203.90276209338342, best pos: [-8.51598392e-01 -9.38993380e-01  7.65764828e-02  8.95740165e-01
  1.03622510e-01 -6.71771464e-01  2.59786555e-01  8.81384028e-01
  4.95167087e-01 -6.06020054e-01 -2.92185362e-01  6.17181297e-01
 -5.66570234e-01 -3.74062350e-01 -1.20765051e-01  1.25717874e-01
 -1.04756450e-01 -1.65529272e-01  2.97919663e-01 -7.01000909e-02
 -2.09143109e-01  2.58781172e-01  2.63775841e-01 -2.77619984e-01
 -1.35895429e-01  3.48108529e-01 -3.46330741e-01 -5.68175604e-02
  8.72255547e-02 -8.24133424e-04 -3.40728652e-01 -1.37975710e-01
  1.85601799e-01  3.75373062e-01  2.61614972e-01 -2.02944716e-01
  1.74086814e-01  1.44998262e-02 -6.69687552e-01 -4.31343626e-01
  7.62903074e-01  2.57022855e-01 -1.34167351e-01  3.51483979e-01
  1.33124494e-01  3.20583602e-01  3.97236185e-01 -1.67198694e-01
  5.08803881e-01  4.64745650e-01 -2.18154894e-01 -5.96645508e-01
  3.18519702e-01  2.72192042e-02  8.14594625e-02  6.35497859e-01
  1.66024193e-01  5.70221409e-01 -8.49802609e-02 -1.78834505e-01
  9.80487491e-03  2.35947949e-01 -5.29809618e-01  1.68845725e-01
  6.81498136e-01 -3.67095927e-01 -7.69538420e-01 -1.05210665e-01
 -3.30855176e-01  1.59542501e-01  1.25906023e-01 -4.25894967e-01
 -1.77191687e-01  2.86721855e-01  4.11510365e-02  2.79775858e-01
 -4.25282775e-02 -1.85001155e-01 -6.58610501e-03 -2.48098668e-01]
2026-05-03 16:51:29,596 - pyswarms.single.global_best - INFO - Optimize for 2000 iters with {'c1': 1.5, 'c2': 1.5, 'w': 0.7}
2026-05-03 16:52:25,906 - pyswarms.single.global_best - INFO - Optimization finished | best cost: 291.14340097937963, best pos: [ 0.48085069 -0.68100371 -0.18526396  0.78130829 -0.01879582 -0.94122077
  0.33357546  0.98425161 -0.6911825  -0.28974867 -0.38905124  0.57024683
  0.62550283 -0.28752306 -0.06120987  0.31147832 -0.5472207  -0.35681793
  0.15810779 -0.07424292  0.18694552  0.57103188  0.18147904  0.03469702
 -0.48150446 -0.45234855 -0.74583742 -0.60776286  0.19984295  0.03531436
 -0.13287666 -0.70292036  0.27340588 -0.01704249  0.18437325 -0.08189831
  0.25731633 -0.1687924  -0.09219689 -0.25674247 -0.70510804  0.29767382
  0.74477804 -0.63507171 -0.04103897  0.79927929  0.1044144   0.43316803
  0.90144838 -0.00654055  0.5462403   0.2443205   0.12531287  0.03165696
 -0.93270805 -0.52609392  0.17572524  0.10173584  0.31518696 -0.07236553
 -0.17463999  0.02006575 -0.01758879  0.26077861 -0.38435007  0.03040402
 -0.35012015 -0.33626544  0.11107918 -0.00588505 -0.15779109 -0.88812584
  0.25128563 -0.21282162  0.19308215 -0.11903178 -0.53942286 -0.53853813
 -0.06904743 -0.2202715 ]
2026-05-03 16:57:00,587 - pyswarms.single.global_best - INFO - Optimize for 2000 iters with {'c1': 1.5, 'c2': 1.5, 'w': 0.7}
2026-05-03 16:57:57,463 - pyswarms.single.global_best - INFO - Optimization finished | best cost: 285.80558314064444, best pos: [-0.06214744 -0.98541475  0.2355235   0.87433137  0.1401777  -0.95052487
 -0.31667945  0.44805142  0.80478279 -0.71535929  0.19730705  0.23979924
  0.34402225 -0.32068485 -0.31599226  0.07462268  0.04097139 -0.39339278
 -0.53324983  0.33600426 -0.06696745  0.54130909 -0.25089092 -0.16276682
  0.29100102  0.53409942  0.14249367 -0.23290393  0.23570177  0.21801024
  0.14024113 -0.05662375  0.24587714  0.27952914 -0.42269651  0.22866168
  0.47442413 -0.14737674 -0.2856388  -0.11092647  0.21028876  0.02443813
  0.37482869  0.22590521  0.73799066  0.17683557 -0.19623053  0.19562585
 -0.13775788  0.09526215 -0.24294909  0.08427745  0.07149681 -0.15043721
 -0.07304633  0.2325441  -0.35704779 -0.09100319 -0.4242727   0.03893158
  0.02384691 -0.42218052 -0.13954382 -0.05983286 -0.06619605  0.19472164
 -0.3201387   0.01947291  0.16603289  0.46125092 -0.27049306  0.01044238
 -0.21309013 -0.04781528  0.02613992 -0.30967858 -0.31187806  0.12474684
  0.61640094  0.27043729]
2026-05-03 16:59:26,059 - pyswarms.single.global_best - INFO - Optimize for 2000 iters with {'c1': 1.5, 'c2': 1.5, 'w': 0.7}
2026-05-03 17:00:19,711 - pyswarms.single.global_best - INFO - Optimization finished | best cost: 3593.5257180968374, best pos: [ 0.66241864  0.92142929 -0.22103723 -0.79699174  0.20713505  0.75343255
 -0.16202929 -0.20056227  0.50022996  0.95380991 -0.8039307  -0.66952365
 -0.18675003  0.25643496 -0.54507505 -0.37063012 -0.06150411  0.79255324
  0.3294326  -0.98230041  0.56147901 -0.21255949  0.38057512 -0.82486065
  0.33179595  0.09379961 -0.20682167  0.37490747 -0.13592205 -0.40219498
 -0.11182479  0.22451776 -0.34857433 -0.45835561  0.49201688  0.47192014
 -0.34835856  0.10366095 -0.39910387 -0.18291179  0.1211919  -0.17791923
 -0.28293898  0.06568261  0.40755596  0.19453912  0.03083726 -0.33818926
  0.18270474  0.20635098  0.04235957 -0.19273991  0.53282604 -0.21689568
  0.18825877  0.20161826 -0.11971075  0.07457231  0.46331261  0.45898925
 -0.27493288  0.03101014 -0.26937202 -0.06078022  0.18230999  0.07295735
  0.16233039 -0.2369556  -0.25816093 -0.10861657 -0.02020938 -0.29141371
  0.10444224  0.18176662  0.26829139 -0.16429394  0.59371651  0.40606418
  0.00967345 -0.47196932]
2026-05-03 17:02:16,409 - pyswarms.single.global_best - INFO - Optimize for 2000 iters with {'c1': 1.5, 'c2': 1.5, 'w': 0.7}
2026-05-03 17:02:58,380 - pyswarms.single.global_best - INFO - Optimize for 3000 iters with {'c1': 1.5, 'c2': 1.5, 'w': 0.7}
2026-05-03 17:04:16,934 - pyswarms.single.global_best - INFO - Optimization finished | best cost: 3594.2465069438854, best pos: [ 3.96217789e-01 -9.28078242e-01 -5.80737269e-01  9.58127783e-01
  1.71115967e-01 -3.66503668e-01  9.68374281e-02  1.97743443e-01
 -3.52409933e-01 -9.53913559e-01  2.80816896e-01  9.68013195e-01
 -3.44572971e-01  1.46847925e-01 -4.38786224e-01  5.15100626e-01
 -4.01544950e-02 -2.47091965e-01  1.68242308e-01  7.32100825e-01
 -1.66925360e-01  2.01667110e-01 -2.54388595e-01  3.02992253e-01
  6.57986768e-01 -1.47025142e-03 -4.28927213e-01  3.57455891e-01
  3.59766915e-01  2.00395862e-02 -4.48182826e-02  9.22914194e-02
  4.27587970e-01  3.60937960e-02 -4.57180163e-01 -1.85702231e-04
 -2.86131981e-01  1.32085798e-01 -3.05920104e-01  6.57655847e-02
  5.32783985e-02 -1.67970055e-01 -3.07327940e-02  1.43417370e-02
  4.58611228e-01 -9.39415703e-02 -3.53637149e-01 -1.37181001e-01
  3.60412965e-02  1.32616895e-01 -4.23246027e-01  3.46568641e-01
  2.20643148e-01  9.71514651e-02  1.58225878e-01 -1.60563352e-01
  2.91368647e-02  5.98105270e-02  5.11303047e-01 -2.56897788e-01
  3.75807346e-01  5.64060013e-01 -1.57945217e-01 -2.72529331e-01
  1.70453017e-01 -2.39299689e-01 -3.05355458e-01  7.11816103e-01
 -3.48344524e-01 -5.87335916e-02  1.89706061e-01  7.91899354e-01
  2.89124955e-01  1.76658484e-01  3.12533042e-01  2.76067427e-01
  8.91417302e-02 -4.01222684e-01  1.91958581e-01  3.64732001e-01]
2026-05-03 17:05:05,548 - pyswarms.single.global_best - INFO - Optimize for 3000 iters with {'c1': 1.5, 'c2': 1.5, 'w': 0.7}
2026-05-03 17:06:23,412 - pyswarms.single.global_best - INFO - Optimization finished | best cost: 3593.88698343512, best pos: [ 0.40299768 -0.89589246 -0.00157431  0.95030846  0.32342017 -0.31450677
 -0.0575898   0.10204089  0.43689211 -0.92260052 -0.77504001  0.98015816
  0.05164094  0.21412385 -0.16856484  0.58637177 -0.18645544 -0.94887003
  0.06005955  0.23215278  0.85511102 -0.47511993 -0.22639353  0.06665523
 -0.19804853 -0.0971533  -0.02201967  0.01560139 -0.12350858  0.13285719
  0.44412253  0.13920118 -0.24711889  0.30101586 -0.5331252  -0.60482373
 -0.03697873  0.16828738  0.31434427 -0.15197023  0.03785419  0.61982416
 -0.56983586 -0.1067062  -0.38844315  0.38747287 -0.27851646  0.05231829
  0.17495916 -0.3661726   0.01061716  0.20290955 -0.08267039  0.05371986
  0.27106297 -0.221997    0.12985611  0.04808598  0.25306319 -0.26934625
 -0.42946064  0.44945214 -0.08758444  0.01677616  0.11971185 -0.19390278
  0.29257245  0.10959111 -0.31581068  0.11227755 -0.04670535 -0.07024568
  0.07881722 -0.07856464  0.61721727  0.05177936  0.37663381  0.30585657
  0.45440736 -0.0488789 ]
2026-05-03 17:07:25,265 - pyswarms.single.global_best - INFO - Optimize for 2000 iters with {'c1': 1.5, 'c2': 1.5, 'w': 0.7}
2026-05-03 17:08:16,713 - pyswarms.single.global_best - INFO - Optimization finished | best cost: 3595.2044354490063, best pos: [ 0.56827153 -0.73877473  0.41352193  0.61594428 -0.24830205  0.09316225
 -0.26936573  0.28412477 -0.16240181 -0.9243926   0.31724258  0.98223299
 -0.53430812 -0.43931206  0.04998295  0.55119747  0.60458754 -0.51893918
 -0.10339609  0.93826035 -0.37588887 -0.56405761  0.57415193 -0.04712908
  0.17961232  0.49676117  0.57984651 -0.52920753  0.22580892  0.55962003
 -0.22534204  0.16318676  0.04686496 -0.39364267  0.23939309  0.3598029
  0.29471932 -0.04893978  0.47627518  0.03969093 -0.54759258 -0.0939115
 -0.08761345  0.43079539  0.02426284 -0.42636057 -0.48310662  0.52856351
 -0.7956914  -0.04187166 -0.2837673   0.08555737  0.01952293  0.13338114
 -0.05995324 -0.28620342  0.17447174 -0.57160321  0.25448001 -0.02831106
  0.14935023 -0.39050009 -0.10489596 -0.58054373  0.4037777   0.63065654
  0.32531118  0.03316319  0.01327602 -0.05391534  0.51195356  0.27769151
 -0.45500419  0.39015177  0.56917574  0.53420585  0.31004179 -0.37924099
  0.09688101 -0.26129434]
2026-05-03 17:11:59,676 - pyswarms.single.global_best - INFO - Optimize for 2000 iters with {'c1': 1.5, 'c2': 1.5, 'w': 0.7}
2026-05-03 17:12:52,977 - pyswarms.single.global_best - INFO - Optimization finished | best cost: 3594.411862111114, best pos: [-0.21993248  0.78849086  0.41580655 -0.99531985  0.43083371  0.17038846
  0.29980147 -0.29409025  0.13001325  0.9591235  -0.20633652 -0.86187474
  0.31232192  0.07014902 -0.28584272 -0.11830981 -0.10454819  0.13462929
 -0.3702258  -0.88166347 -0.35831233  0.58527103  0.08948899 -0.27438081
  0.07984608 -0.12375482  0.48701214 -0.0578553  -0.22045961  0.0033705
 -0.1730389  -0.07336353 -0.15543784 -0.23331158  0.45003751 -0.13272388
 -0.64837827  0.16996453 -0.49532247 -0.16907241  0.20209777  0.2247042
  0.28034182  0.10085806  0.13677204  0.37839562 -0.35444803  0.23947358
  0.17227021 -0.02285826  0.1799237   0.20432403  0.15493986  0.29450894
 -0.01506142  0.180567   -0.18698616 -0.31320973 -0.12441068  0.75791006
 -0.12866589  0.75957346  0.23397675 -0.01400184  0.16502911  0.2113738
  0.68129788  0.2192747  -0.16263098  0.09104626  0.55248764 -0.00697521
  0.27937175 -0.22227332  0.17123959  0.13431788  0.2507703   0.08935884
  0.00874792  0.1431781 ]
2026-05-03 17:15:41,827 - pyswarms.single.global_best - INFO - Optimize for 2000 iters with {'c1': 1.5, 'c2': 1.5, 'w': 0.7}
2026-05-03 17:16:32,477 - pyswarms.single.global_best - INFO - Optimization finished | best cost: 2503.2049681957556, best pos: [-4.93835965 -5.08995202  5.66213937  9.78692371  1.51164954 -0.65076913
 -2.48193011  6.31767244 -9.67151119 -5.62479102  2.61983872  6.30243847
 -0.48725864 -1.45186665  4.47612371  1.52393953  4.32349279 -4.76289149
  0.30929678  2.58748001 -1.26954374 -1.84830349 -0.42967965 -0.57808015
  0.05572096  0.49574845 -1.59896729 -1.81717318 -0.51345898 -2.31947016
  1.25594057 -2.57706603  4.9743456  -0.75506875 -1.82203573  2.41134587
  2.3369408  -4.22815908  0.41714069  0.70288025  2.73952353 -1.25500617
  1.53506679  0.86559258  0.41142239  3.37668937  0.77614248  2.41612958
 -3.210482   -0.28496565  1.43041202 -3.75009805 -1.44207954 -1.51757671
  1.56150668 -2.38799604 -0.22041875 -3.31083158 -1.8857765  -1.37337693
  2.32862059 -0.63960604  3.29233966 -5.89418499 -0.08317205 -0.04461818
 -2.83481668  2.4115672  -3.09958526  1.22963921 -1.13882958  0.34801795
 -2.99819743  0.8300155  -2.25200307  0.17364829 -1.04933771 -1.37603138
  1.65724771 -1.52157823]
2026-05-03 17:21:07,866 - pyswarms.single.global_best - INFO - Optimize for 2000 iters with {'c1': 1.5, 'c2': 1.5, 'w': 0.7}
2026-05-03 17:21:16,338 - pyswarms.single.global_best - INFO - Optimize for 2000 iters with {'c1': 1.5, 'c2': 1.5, 'w': 0.7}
2026-05-03 17:22:02,814 - pyswarms.single.global_best - INFO - Optimize for 2000 iters with {'c1': 1.5, 'c2': 1.5, 'w': 0.7}
2026-05-03 17:22:47,972 - pyswarms.single.global_best - INFO - Optimize for 2000 iters with {'c1': 1.5, 'c2': 1.5, 'w': 0.7}
2026-05-03 17:24:32,170 - pyswarms.single.global_best - INFO - Optimize for 2000 iters with {'c1': 1.5, 'c2': 1.5, 'w': 0.7}
2026-05-03 17:25:21,844 - pyswarms.single.global_best - INFO - Optimization finished | best cost: 3184.7960374578447, best pos: [ 3.57159541  9.90788503 -5.19586346 -9.83459306  4.56401399  9.63383062
 -0.45611632 -9.23223868  2.87179011  3.27277247 -1.9025583  -8.80559326
  1.84226521  2.58519183  0.18535424 -6.80878896  5.2735719   6.29132805
  1.89594825 -3.43406395 -0.7629896   2.75937532  1.74654926 -4.72248284
  3.89191991 -2.31311254  6.27671618  1.6633699  -2.61887642  1.32793176
 -5.54880362 -3.60572004  0.0431034  -2.4800828  -2.70853357  0.78599201
  2.14643047  1.35588966 -0.38060386 -3.12850883  4.77240843  1.02035595
 -1.02233558  2.22543044  2.84943809 -2.05018883  0.42775086  3.98851715
  0.21855471  0.65177111  1.49656557 -0.06961912 -1.37451071 -3.89669522
  2.42616729  1.8300429  -0.27578004 -2.41250953 -1.68568959 -2.7947617
 -2.07216003 -0.62935968 -5.14438958 -2.66336926  3.00746041  1.43583067
  0.37885509 -4.29223333 -5.15010615 -4.58412314 -0.57462368  0.1564694
 -0.52819395 -3.18569731 -3.42691421  1.96804791  0.35107933  0.66492168
 -2.36512379 -2.12068376]
2026-05-03 17:28:02,647 - pyswarms.single.global_best - INFO - Optimize for 2000 iters with {'c1': 1.5, 'c2': 1.5, 'w': 0.7}
2026-05-03 17:28:52,543 - pyswarms.single.global_best - INFO - Optimization finished | best cost: 3251.834753242641, best pos: [ 0.20698158 -9.82107871 -0.30280148  9.65401761  2.30719707 -6.03914591
 -0.62183591  9.07720015 -0.91851349 -3.51073972  2.24379204  9.6600969
  3.33694274 -5.07554636 -1.98261156  7.29469044 -0.03920107 -0.29785786
 -7.08085422  3.24242294 -3.46624321 -3.73372003 -2.89772954 -1.39052761
  4.58088523  3.36432313  2.46082364 -1.02667479 -0.11034335 -0.33500396
 -3.49243815 -1.3902586   0.66099537  1.07358231  2.82678325 -0.21995843
  1.98109801  0.4617931  -2.41804615 -1.28701405  1.60240377 -0.09426032
  2.92209328  1.57929642 -3.57113893  2.29397513  1.39615554  0.99867968
 -3.29303088 -0.86039893  1.0654493  -0.90346953  0.79661495 -1.02334843
  3.41913121  3.73682976 -0.75777648 -2.25399016  1.31884644  0.74742716
 -2.30500811 -2.38631104  0.40957271 -3.75185776  0.28914562  0.36350508
  0.12230758 -0.17443619 -1.40094153  2.91266044 -0.26574735 -4.8370696
  0.45296018 -1.3549988  -2.32788565  0.66378868 -0.96760228  2.9487569
  1.67188587 -0.49854887]
2026-05-03 17:30:48,833 - pyswarms.single.global_best - INFO - Optimize for 2000 iters with {'c1': 1.5, 'c2': 1.5, 'w': 0.7}
2026-05-03 17:31:38,193 - pyswarms.single.global_best - INFO - Optimization finished | best cost: 3491.049169317954, best pos: [-7.44163637e+00  6.52536398e+00  8.52009000e+00 -6.88945458e+00
  1.99868307e+00  9.79794082e+00 -8.08867697e-01 -7.34280374e+00
  4.43819978e-01  5.92123065e+00  1.56582274e-01 -4.51814342e+00
  6.59017558e+00  1.19227542e+00 -4.01836064e+00 -3.07619587e+00
 -1.92800410e+00  3.96474845e+00 -1.85584021e+00  8.00787078e-01
 -4.52328746e+00  2.35047065e-03  3.26495127e+00 -3.06863281e+00
 -3.01821129e+00 -2.14168992e+00 -2.61602066e+00 -1.04436156e+00
  4.86417745e-01  7.51868646e-01  1.41055463e-01  5.01562360e+00
  7.23196713e-01 -5.57395362e+00 -2.09205888e+00  3.25818964e+00
  5.46649848e-01 -1.97156353e+00 -5.98683514e+00  8.49214109e-01
  1.97992632e+00  4.97670350e-01  6.34090590e-01  9.70645708e-01
  2.94949192e+00 -2.69557385e+00  8.69812856e-01  4.59820607e-02
 -3.48344281e+00 -3.75542968e+00 -3.11760194e+00 -6.27506116e-01
  5.76117223e-02  3.88695332e+00  2.77036214e+00 -1.82184522e+00
 -5.32677351e-01 -3.37781616e-02  3.37499281e+00  1.08497219e+00
  4.89419965e-01  6.70751088e-01 -5.29438781e+00  1.18236601e+00
  1.55103008e+00 -1.30707670e+00 -2.50438211e+00 -2.97556500e+00
  2.73249609e-01  4.25579628e+00 -1.07880740e-01 -8.33332875e-01
 -5.06168713e-01  1.30527759e+00 -1.36771748e-01 -3.40118399e+00
 -7.39217012e-01  3.61768601e+00  7.83093503e-02  9.79686249e-01]
2026-05-03 17:33:19,983 - pyswarms.single.global_best - INFO - Optimize for 2000 iters with {'c1': 1.5, 'c2': 1.5, 'w': 0.7}
2026-05-03 17:34:09,367 - pyswarms.single.global_best - INFO - Optimization finished | best cost: 32353.208543587363, best pos: [-3.99547245  6.51013755  6.91888284 -8.6976128  -3.28273749  8.8263316
  5.13722301 -5.84225063  6.45551799  9.68052944 -0.16576672 -7.71728806
 -5.15740155  0.98676287 -5.57423119 -9.18198521  0.36177462  3.21062462
 -4.48730893  2.26944402 -2.096035    5.70009837  1.89251245  4.70717218
  2.08347664  1.52432487 -0.63220359  2.7264164  -1.27316571  3.27276441
 -5.75432556 -0.7298714   2.91887113  6.80081148 -1.32179126  0.79973361
  3.28960852  2.0004094  -3.64107172  3.88947673 -2.61422115  2.33859525
  2.6635293   6.91183995 -4.18410552  2.33706386  3.26240067 -1.99000844
  2.1782842  -4.13653362  1.17107881 -0.20766549 -3.70791074 -5.98333988
 -4.96995493  1.43308097  3.24879203 -7.28435422 -5.97220276  4.55903492
  4.23654652  4.48532103 -4.52144467 -1.44842749 -5.8543441   2.62252106
  0.70133317  2.30809563 -4.03624071 -0.57348732  4.58029214  2.04825025
  1.75075505  1.70069025 -2.03537334  4.36946293 -4.16852583 -3.88987123
 -1.41652811  2.60060174]
2026-05-03 17:40:03,242 - pyswarms.single.global_best - INFO - Optimize for 2000 iters with {'c1': 1.5, 'c2': 1.5, 'w': 0.7}
2026-05-03 17:40:52,614 - pyswarms.single.global_best - INFO - Optimization finished | best cost: 11479.133689363221, best pos: [-1.69511001e+01  6.60855912e+01 -1.00161242e+00 -8.07128933e+01
 -3.85828181e+00  5.33754381e+01  5.54971772e+00 -6.27822481e+01
 -8.15786834e+00  4.10609989e+01  1.29815631e+01 -4.87869303e+01
 -1.17950919e+01  2.95132878e+01  1.45358388e+01 -4.06819066e+01
 -4.76174795e+00 -4.65255923e-02  6.23726368e+00 -7.15351126e+00
 -1.95471111e-01  6.02965700e+00 -3.83228948e-01 -4.22708236e+00
  2.08896897e+00 -6.74212904e+00  8.39168203e-01  4.75424834e+00
 -5.48601970e+00  2.48732149e+01 -2.19645809e-01  9.61955779e+00
 -2.66587621e+00  1.80321369e+00  1.20580621e+01  4.37439600e+00
  1.28382125e+00  5.72108974e+00  8.00183790e-01  3.02861466e-01
  2.32254851e+00  5.63150940e+00  2.59597083e+00 -9.94874964e-01
  1.97174695e+01 -2.35341204e+00 -3.09347872e+00  2.70234862e+00
 -3.68424305e+00 -2.93078102e+00  4.97339377e+00 -2.33969288e+00
 -1.02406971e+00 -1.36870740e+01 -6.94669499e+00  8.98173114e+00
  1.12041670e+00 -3.70604380e-01 -6.82866112e+00  3.62021740e+00
  6.37729979e-01 -6.00071071e+00  3.67549158e-01 -1.98913302e+00
  1.98479604e+00 -2.67931735e-01  1.88803416e+01 -2.36320730e+00
 -1.21001970e+01 -1.17473021e+00 -9.93344384e+00  5.22053872e+00
 -3.55267970e+00  1.74562618e+00 -8.07831313e+00  4.83555814e-01
  1.27248417e+01  1.19318023e+00  6.16837986e-01  4.87048203e+00]
2026-05-03 17:41:57,579 - pyswarms.single.global_best - INFO - Optimize for 2000 iters with {'c1': 1.5, 'c2': 1.5, 'w': 0.7}
2026-05-03 17:42:47,628 - pyswarms.single.global_best - INFO - Optimization finished | best cost: 13158.71612763226, best pos: [-9.70157278e+00 -7.04100688e+01  1.75979630e+01  8.23002467e+01
 -1.27360583e+01 -6.14288751e+01  5.26235044e+00  7.57405300e+01
 -1.10886112e+01 -3.28656524e+01 -1.75396355e-01  4.51653297e+01
 -1.36844772e+00 -5.56459492e+00  7.01294003e+00  4.32869019e+01
  1.58387735e+01 -1.13972800e+01 -2.61616188e+01  3.01745296e+00
  5.44408988e+00 -9.06588796e-02  1.60893328e+01 -8.50464599e+00
  8.52735355e-01  5.41682693e+00  2.65374692e+00 -1.26527190e+01
 -1.27692506e-01 -1.71377703e-01 -1.17949455e+01 -1.27298517e+01
 -1.02718877e+00  2.07768935e-01 -1.73093241e+00  6.17872537e-03
 -5.65463021e+00  3.96690074e+00 -1.41328670e+00  9.05911473e-01
  1.93965979e+00  1.25278889e+01  9.70668749e+00 -7.23455679e+00
 -5.49090930e+00  1.38004576e+01 -1.35661598e+01 -1.40023207e+01
 -1.19772348e+00  8.89908025e+00  8.70741634e+00 -2.01783136e+00
  2.18555433e+01  8.36087554e+00 -2.14686744e+01  2.22504059e+01
 -2.34039805e+01  6.10647119e+00 -4.11567186e-01  1.76942127e+01
  1.72411173e+01  1.50292433e+01  1.65633953e+01  8.96559499e+00
  1.50417060e+01  1.35072453e+01  2.58873624e+01 -1.39655013e+01
  4.42615216e+00  1.23136388e+00 -2.98569234e+00 -7.89525840e+00
 -1.49133490e+01  5.60800942e+00 -5.00788018e-01 -7.31995206e+00
  1.05848060e+01  3.31001895e+00 -2.63385242e+00  4.35099636e+00]
2026-05-03 17:44:23,132 - pyswarms.single.global_best - INFO - Optimize for 2000 iters with {'c1': 1.5, 'c2': 1.5, 'w': 0.7}
2026-05-03 17:45:12,310 - pyswarms.single.global_best - INFO - Optimization finished | best cost: 14832.651435129308, best pos: [-6.59654753e+00 -6.21604768e+01  9.39452101e+00  9.09133516e+01
  1.18372554e+01 -6.81937656e+01  5.06544281e-01  6.04908990e+01
 -1.19840257e+01  6.06718332e+00  8.34958153e+00  5.14681859e+01
 -2.57872180e+01 -2.42788831e+01  6.77508463e+00  2.00704756e+01
 -1.25188766e+01 -2.33902346e+01 -3.83889277e+01  6.18775219e+00
 -7.86674595e+00  8.63291542e+00 -1.64365522e+00  1.65449294e+01
 -6.39595713e+00 -1.29387575e+01 -6.41394514e+00 -5.50759355e+00
  6.75682392e+00  6.29020101e+00  2.14554307e+00 -3.41213266e+00
 -3.47897877e+01 -1.57910119e+00 -9.10411171e+00 -8.62311304e+00
  2.70089589e+01 -6.01017762e+00  1.65346386e+01 -4.94421650e+00
  4.55471546e+00 -1.49404428e+01 -1.76880204e+01 -1.42605169e+01
 -3.79454112e+00 -6.73557918e+00  2.93858337e-02  1.14698742e+01
 -4.16350354e+01  6.07610432e+00 -1.93013522e+00 -7.92270634e+00
 -1.07223302e+01 -1.23389617e+01 -3.45591253e+00 -1.42883585e+01
 -8.12138358e+00  7.26133665e+00 -5.97331590e+00  9.22948227e+00
 -4.62327373e+00  8.45465984e+00 -3.81065934e+00 -1.14291383e+01
  4.88064080e+00 -5.08768839e-01 -1.07782686e+01 -1.12352905e+01
 -7.79816737e+00 -1.78108054e+00 -1.10843769e+00  7.36567347e+00
  1.04584831e+01  1.06118253e+01 -1.64696224e+00  7.35546119e-01
  1.18193631e+01 -2.76156835e+01 -5.99589351e+00 -8.15326262e+00]
2026-05-04 09:07:51,072 - pyswarms.single.global_best - INFO - Optimize for 2000 iters with {'c1': 1.5, 'c2': 1.5, 'w': 0.7}
2026-05-04 09:10:59,922 - pyswarms.single.global_best - INFO - Optimization finished | best cost: 12557.991969066425, best pos: [ 1.26200651e+01 -6.40468749e+01  5.77504404e+00  7.65242634e+01
 -2.06807130e+01 -5.02653817e+01  8.35467426e+00  6.54769870e+01
 -4.90351755e+00 -3.87079145e+01 -8.49802681e+00  3.73014802e+01
 -1.13968622e+01 -2.35314243e+01  2.33817883e+01  3.64276900e+01
  1.21030499e+01 -6.82395206e-02  1.83914501e+01  8.05273467e+00
  4.81815939e-01 -3.84858144e+00 -6.97541959e-01 -6.34109850e+00
  1.98139256e+01  7.13576316e+00  1.05260622e+00 -6.81445553e+00
  4.92398227e+00  2.82233976e+00  1.02710697e+01 -7.80243396e+00
 -1.76844473e+01  1.43714046e+01 -1.78639187e+01 -7.32924793e+00
 -6.05255818e-01  6.66663871e+00  1.81709826e+00 -9.82255637e+00
  4.97996622e+00  1.01049174e+01 -4.14121261e+00 -5.69119992e+00
 -1.18148926e+00 -1.35716062e+00 -4.82224683e+00 -7.60379750e+00
  1.47640362e-01  3.43756921e+00 -2.84732628e-01  1.17859165e+00
 -5.07099135e+00 -7.04014113e+00 -1.49400474e+01 -1.46826416e+00
  4.69069330e+00  3.17049705e+00 -2.97051047e+00 -7.02819196e+00
  6.86662820e+00 -1.80327286e+01  1.28218461e-01  2.45027869e+00
 -6.01846291e+00 -1.89742799e+00 -1.15814266e+01 -3.19923047e+00
 -1.21765538e+01  3.62452257e-01  1.12507437e+00 -4.29933734e+00
  4.53797839e+00  7.33353465e-01 -1.85694215e+00 -2.41511042e+00
  6.66205619e-02  6.06846725e+00 -4.34663610e+00 -1.04336031e+01]
2026-05-04 10:22:26,652 - pyswarms.single.global_best - INFO - Optimize for 2000 iters with {'c1': 1.5, 'c2': 1.5, 'w': 0.7}
2026-05-04 10:23:14,535 - pyswarms.single.global_best - INFO - Optimization finished | best cost: 13500.071775154693, best pos: [ 7.38000005e-01 -7.93178205e+01  5.55716686e+00  7.79786977e+01
 -5.51676109e+00 -4.93573361e+01 -5.42930790e-01  5.71872291e+01
  1.49259020e+00 -4.48232508e+01  4.09116406e+00  3.51504093e+01
  1.53274549e+01 -8.45116314e+00  1.82942859e+01  3.87011204e+01
  2.49378709e+01 -5.42759164e+00  4.24933120e+00  7.00644127e+00
  1.29871554e+01 -2.27957267e+00  8.38003720e+00 -6.47279533e+00
 -4.94697280e-01 -7.15228660e+00  4.25612409e-01 -1.23350195e+01
 -2.10593607e+00 -4.72214796e+00 -6.18468013e+00 -2.19570402e+01
 -3.63797995e+00  8.65898092e-01  7.28777096e-01 -7.75546611e+00
 -8.99979619e+00  7.29113552e+00 -8.88676645e-01 -1.03929723e-01
 -1.98746098e+00  8.55847251e-01 -1.45804857e+01 -1.39145198e+01
  1.81943346e+01  3.39158479e+01 -6.34339741e+00 -1.26513324e+01
  1.10833105e+01  5.42990768e-01  1.15573956e+00  2.34980050e+01
  1.01620701e+01 -8.87503321e+00 -1.61920384e+01  1.08580647e+01
 -1.45902811e+01  4.34829810e+00  1.08720986e+01 -3.62746004e+00
  1.18887938e+01  7.83461353e+00  7.74286108e-01 -7.40422840e-01
 -1.52835612e+00  1.23275202e+00  5.15782924e+00 -4.07694431e+00
 -1.51570675e+01  9.82301544e+00  2.13539593e+00 -1.46654053e+00
  1.56862425e+01 -5.02354254e+00  5.26832550e+00  1.73555496e+01
 -2.06912938e-02  1.19858859e+00 -1.78609699e+01  1.77011260e+01]
2026-05-04 10:54:16,996 - pyswarms.single.global_best - INFO - Optimize for 2000 iters with {'c1': 1.5, 'c2': 1.5, 'w': 0.7}
2026-05-04 10:55:24,901 - pyswarms.single.global_best - INFO - Optimization finished | best cost: 18023.820905329492, best pos: [-17.06540414 -63.62319021  -8.07076587  70.12139393 -17.02088184
 -30.21262747 -17.89485869  53.42883908   4.56261908 -27.89743186
  -8.62692956  30.25304949  -2.90255891 -14.65476186   2.72863929
  11.17289823   0.58579766  22.70905606   1.31099119 -25.83621367
   5.38707132  34.27440146   0.4575831  -43.53482683   0.83675671
  35.38247498  -3.99843676 -44.03022521   0.73802126  29.00107054
  -1.6937178  -31.73325334   8.5376435   23.6440967   -1.059895
 -23.16383226   0.85484762  -4.50683852  -2.24930624  -3.85293006
  -0.55494715  15.96522714   4.17293314 -17.7495155    0.4091496
  12.4325585   -2.10899175 -40.73855874  -1.0018328   11.70775934
  -5.2113457   -7.313536    -0.70803328  -9.15860602  -2.0471658
  -7.58923867 -14.04704084  -1.09772271  -1.3449832    0.16462094
  -1.04721912  14.47247214  11.22415597   7.27937773   0.2080835
   0.60296772   0.78001357   8.5998686   -5.26190009  -2.63364722
  10.00937311   0.20707003   4.85558349  -3.6359353   -4.21332393
   7.24772384  -2.19112674  -6.55923083   3.23079681   7.36510018]
2026-05-04 12:06:42,258 - pyswarms.single.global_best - INFO - Optimize for 2000 iters with {'c1': 1.5, 'c2': 1.5, 'w': 0.7}
2026-05-04 12:07:50,018 - pyswarms.single.global_best - INFO - Optimization finished | best cost: 19773.902672022443, best pos: [ 2.08465475e+01  6.89896511e+01  2.42313622e+01 -6.46297723e+01
  1.05952508e+01  4.77155878e+01 -1.04793559e+00 -5.22451289e+01
  7.28298925e+00  3.36203310e+01 -6.07455202e+00 -4.15918026e+01
  4.84601925e+00 -1.97285470e+01  9.91190686e+00  7.15821522e-01
 -5.17261760e+00 -1.32219723e+01  2.70208028e+00  2.28825057e+01
 -7.68556914e-01 -2.46589906e+01 -5.72861724e+00  4.66921986e+01
 -7.08522507e-01 -3.76244048e+01 -1.74150135e+00  3.35364072e+01
 -1.00065046e+01 -2.41760984e+01 -3.44941759e+00  4.04268969e+01
  3.17975025e+01 -3.95393037e+01  3.09142119e+01  3.94312700e+01
 -6.14299248e+00 -1.16780524e+01 -2.98618846e+00  1.90503295e+01
  4.87313294e+00 -2.12139547e+01  1.98099555e+01 -1.86287974e+01
  1.62183479e+01  8.53231881e-02  4.63927149e+00  1.46854435e+01
  5.12565929e-02 -7.36770120e+00 -1.39500541e+00  4.96478512e+00
 -2.05662832e+00 -1.61012531e+00  5.21991096e+00  2.71801145e+00
  1.53850486e+00 -1.57897801e+00 -1.31894978e+00  1.85166491e+01
  3.79903439e+00  4.14569757e+00 -1.21032657e+01 -8.57358331e-02
  2.86144824e+01 -2.97396682e+01 -1.32850188e+01 -1.27739586e+00
  6.61121231e+00  1.64112970e+01  6.18052683e+00  4.50992261e+00
 -4.98448418e+00 -8.91934703e+00  3.18697146e+00 -3.33301873e+01
  1.14498720e+01 -1.34683749e+01 -2.38371864e+00 -6.04018173e+00]
2026-05-04 12:15:36,818 - pyswarms.single.global_best - INFO - Optimize for 2000 iters with {'c1': 1.5, 'c2': 1.5, 'w': 0.7}
2026-05-04 12:16:50,943 - pyswarms.single.global_best - INFO - Optimization finished | best cost: 18481.765212239545, best pos: [ 5.01293405e+00 -6.51444228e+01  9.89332426e+00  7.66635202e+01
  2.37386279e+00 -3.01006178e+01 -2.83798770e+00  3.81841459e+01
  6.82280662e+00 -2.44053524e+01 -1.47674672e+01  2.18281931e+01
 -3.37818945e+00 -7.83063327e+00  3.08340876e+00  1.06615879e+01
 -2.35479585e+00  1.56605426e+01  2.58635519e+00 -1.18852646e+01
 -5.65651798e+00  2.58740171e+01 -1.57443854e+01 -4.18086177e+01
  1.01881952e+00  2.39212643e+01 -3.45630528e+00 -6.60683086e-01
  6.19277436e-02  3.29364210e+01 -3.43152976e+00 -4.45633061e+01
  5.61642472e-01  2.66591057e+01 -2.80374117e+00 -3.79670196e+01
  1.43887667e+00  7.03974386e+00  6.56896659e-01 -3.25800918e+01
  1.74286474e+01  8.94999521e+00 -1.75211167e+00 -1.51930718e+01
  7.87677880e+00  1.03318402e+01  2.13465169e+01 -2.15195769e+01
 -2.90105032e+00  6.50408944e+00 -4.83136283e+00 -6.52966301e+00
 -2.39383568e+00  1.68774592e+01 -6.19582711e+00 -4.16252336e-01
 -1.46734746e+01  1.04537004e+01 -2.15745952e+00 -2.61958917e+00
  1.91560062e-01 -2.63254371e+00 -4.06933020e+00 -1.21827507e+01
  1.12310123e+00  3.20741397e-01 -3.16349121e+00 -1.39633478e+01
  1.67801390e+01 -2.30022042e+00 -2.12878304e+00  1.09504392e+01
  1.70712552e+01 -2.67161066e+00 -2.49014404e+00  9.47947551e+00
  9.69046749e-01 -9.23847077e+00 -2.96362748e-01  1.31400148e+01]
2026-05-04 12:17:53,715 - pyswarms.single.global_best - INFO - Optimize for 2000 iters with {'c1': 1.5, 'c2': 1.5, 'w': 0.7}
2026-05-04 12:19:06,318 - pyswarms.single.global_best - INFO - Optimization finished | best cost: 16637.40257520855, best pos: [  1.86086373 -60.02689493  14.13503821  99.05087999  -5.25478225
 -45.67821907 -26.88569364  52.75724269 -21.18431895 -29.79623736
 -41.04113462  23.84826462 -27.07876189 -13.04415236  -9.80689894
  29.08473958 -12.58970341  18.61100113 -16.16598658  -4.18536111
  -2.96456031   9.28260856 -26.66557602 -34.33179386  -3.85137953
  15.68103502 -20.64460128 -26.44914467  -9.7204869   24.86345471
  -9.09279971 -21.32155705   6.68206317  22.77529996 -15.88525352
  29.89734261 -13.23666928  -1.95225646 -18.00557319  -1.70747818
   3.45079986  23.39630436  10.92101967 -19.77236492  36.18307024
  -0.35723676   3.80944269   9.54819987   7.03046574 -19.7429732
 -16.39771768  -0.5299692   -3.76849944  28.8716025   -3.71216972
 -26.23369359  -5.92401274  11.84524797  -2.37187422  18.72700127
  -5.6628432  -20.1639375   -5.24561251 -20.72195728 -14.84584736
  -4.042661     3.7244192   -9.79373658 -27.74307055  12.50702023
 -14.63617892   7.09062337 -10.2215918    0.66138853  18.1880795
   0.65380484  18.0179119   12.81761523  10.95582991  10.71042814]
2026-05-04 12:22:04,212 - pyswarms.single.global_best - INFO - Optimize for 2000 iters with {'c1': 1.5, 'c2': 1.5, 'w': 0.7}
2026-05-04 12:23:17,634 - pyswarms.single.global_best - INFO - Optimization finished | best cost: 15258.783408507903, best pos: [-26.72922667 -71.45479724 -18.67539584  76.55712567 -25.87661815
 -41.3296141  -23.95196534  57.21892846 -15.84733227 -47.35966421
 -34.77757044  41.35240878 -20.73181375 -22.72183934  23.87960558
  21.76509731 -17.76782383  40.25014485 -10.96986572  -3.96392765
  -0.75230383 -10.91650333 -21.48142628   6.7722112  -13.77163119
  32.25494214 -19.00678852 -21.82796489   5.95777403  22.12126715
 -15.13443029 -17.41661517  11.09307896  -2.74443687 -29.38399163
 -16.86603349  -1.48617196  -0.30591244   1.12521028  -8.75345289
   7.11315617  -5.44676529  -8.21387329  -7.58130422  -0.09196653
  -0.09758246 -10.49898873  -4.7200396  -28.11065261  10.05359286
  -9.61009397   1.45325721  -1.12975283  -5.77387312   2.85711583
 -20.43500953  -2.03652444   9.20966849 -11.31399538  -2.55387186
  -7.68875533   2.7307258    5.44934973  -6.72047054  -2.6143923
   2.60142332   3.87431584   0.20504495  -2.35281559  -2.21175585
  -0.97885656   6.94195432  -0.25212861   4.15304978   0.36639698
  22.75595651  42.06545665   5.7635189    5.39333105 -15.99653484]
2026-05-04 12:30:07,669 - pyswarms.single.global_best - INFO - Optimize for 2000 iters with {'c1': 1.5, 'c2': 1.5, 'w': 0.7}
2026-05-04 12:30:08,954 - pyswarms.single.global_best - INFO - Optimize for 2000 iters with {'c1': 1.5, 'c2': 1.5, 'w': 0.7}
2026-05-04 12:31:18,938 - pyswarms.single.global_best - INFO - Optimization finished | best cost: 370.9610071737957, best pos: [-0.07912747  1.09918237  0.46713886 -1.47638309 -0.08868936  0.26233882
  0.4511479  -0.42505519  0.16153445 -0.1590387   0.10382592  0.1038775
  0.14307198 -0.14426805  0.08492871  0.09131935  0.12911689 -0.13082798
  0.07715016  0.07614442  0.11566164 -0.11689958  0.06182021  0.06073028
  0.10575093 -0.10212367  0.05026717  0.05002818  0.08864247 -0.08712528
  0.03392239  0.0389223   0.07563297 -0.0759344   0.04248325  0.02667399
  0.0624811  -0.06437974  0.50525285  0.01783921  0.05462017 -0.05086244
  0.0097102   0.01480261  0.04323947 -0.04318176  0.00167243  0.0025476
  0.03019272 -0.0329465  -0.00537989  0.01311549  0.02610426 -0.02817496
 -0.00682769 -0.00632361  0.01908523 -0.01967552 -0.0116525  -0.01020821
  0.01295962 -0.01472787 -0.01409163 -0.01187748  0.00843299 -0.00904071
 -0.01824934 -0.01325571  0.01371913 -0.00639183 -0.0150191  -0.01424295
  0.00211226 -0.00235594 -0.01145385 -0.01693258 -0.00234361  0.00209033
 -0.01107506 -0.01378837]
2026-05-04 12:33:07,085 - pyswarms.single.global_best - INFO - Optimize for 2000 iters with {'c1': 1.5, 'c2': 1.5, 'w': 0.7}
2026-05-04 12:34:16,447 - pyswarms.single.global_best - INFO - Optimization finished | best cost: 3568.2943334091524, best pos: [-2.30135159e+01 -3.12281414e+01 -1.59718228e+01  2.93038686e+01
 -2.14677689e+01 -2.68091355e+01 -1.36706471e+01  2.44301149e+01
 -1.93041645e+01 -2.38461425e+01 -1.51393848e+01  2.22246459e+01
 -1.88685596e+01 -2.07266549e+01 -1.35099992e+01  1.82201344e+01
 -1.58681759e+01 -1.81646114e+01 -1.04404251e+01  1.69451394e+01
 -1.47486288e+01 -1.53018732e+01 -1.17862166e+01  1.34277259e+01
 -9.54229191e+00 -1.22184637e+01 -1.05088974e+01  1.00694054e+01
 -1.12485054e+01 -1.04425949e+01 -9.54486250e+00  7.67612479e+00
 -9.55298069e+00 -7.22286055e+00 -7.12392956e+00  5.22878727e+00
 -6.08351647e+00 -3.22738597e+00 -7.30206772e+00 -1.11869809e+01
 -4.73408479e+00  5.85926143e-01 -8.97240995e+00 -4.26705778e+00
 -4.00283578e+00  4.67323991e+00 -6.26867226e+00 -4.32577960e+00
 -2.22069910e+00  1.97773559e+00 -5.40840373e+00 -4.92355479e+00
 -1.37499169e+00 -2.24208638e+00 -4.36006041e+00 -4.19066124e+00
 -8.05464799e-01  2.68610028e-01 -3.06380450e+00 -2.78041111e+00
  1.57900044e-01  4.86358395e-02 -2.18527251e+00 -1.23884160e+00
 -9.02951937e+00  1.98345986e+01 -1.02946424e+00 -1.51675255e+00
  1.31274862e+00 -9.04639182e-01 -6.97447211e-01 -4.26455254e-01
  1.29852156e+00 -1.30735083e+00  2.60480299e-01 -9.26366102e-03
  1.63754927e+00 -1.08043568e+00  1.20710609e+00  6.46664949e-01]
